#
# A fatal error has been detected by the Java Runtime Environment:
#
#  EXCEPTION_ACCESS_VIOLATION (0xc0000005) at pc=0xffffffffa34f5160, pid=4568, tid=2620
#
# JRE version: 7.0_25-b17
# Java VM: Java HotSpot(TM) 64-Bit Server VM (23.25-b01 mixed mode windows-amd64 compressed oops)
# Problematic frame:
# C  0xffffffffa34f5160
#
# Failed to write core dump. Minidumps are not enabled by default on client versions of Windows
#
# If you would like to submit a bug report, please visit:
#   http://bugreport.sun.com/bugreport/crash.jsp
#

---------------  T H R E A D  ---------------

Current thread (0x000000000c80a800):  JavaThread "EMF Reference Cleaner" daemon [_thread_in_Java, id=2620, stack(0x000000000bec0000,0x000000000bfc0000)]

siginfo: ExceptionCode=0xc0000005, ExceptionInformation=0x0000000000000008 0xffffffffa34f5160

Registers:
RAX=0x000000009aecdce8, RBX=0x000000009aecdce8, RCX=0x00000000a0161040, RDX=0x00000000a0161040
RSP=0x000000000bfbf248, RBP=0x000000000bfbf2b0, RSI=0x000000009ae302b0, RDI=0x000000009b36ccf0
R8 =0x0000000000000000, R9 =0x00000000a0161888, R10=0x000000006b03ea20, R11=0x000000000260b530
R12=0x0000000000000000, R13=0x000000000bfbf258, R14=0x000000009c3493d0, R15=0x000000000c80a800
RIP=0xffffffffa34f5160, EFLAGS=0x0000000000010206

Top of Stack: (sp=0x000000000bfbf248)
0x000000000bfbf248:   00000000024f6473 00000000024f6473
0x000000000bfbf258:   0000000000000000 000000000bfbf260
0x000000000bfbf268:   00000000a0161040 000000000bfbf270
0x000000000bfbf278:   000000009aecddba 000000000bfbf2c0
0x000000000bfbf288:   000000009aece218 000000009c3493d0
0x000000000bfbf298:   000000009aecddc8 000000000bfbf258
0x000000000bfbf2a8:   000000000bfbf2c0 000000000bfbf308
0x000000000bfbf2b8:   00000000024f6473 00000000a0161040
0x000000000bfbf2c8:   000000000bfbf2c8 000000009b36910c
0x000000000bfbf2d8:   000000000bfbf320 000000009b369548
0x000000000bfbf2e8:   000000009c349640 000000009b369158
0x000000000bfbf2f8:   000000000bfbf2c0 000000000bfbf320
0x000000000bfbf308:   000000000bfbf400 00000000024f0632
0x000000000bfbf318:   00000000a0f93390 00000000a022c4f8
0x000000000bfbf328:   0000000000000000 0000000000000000
0x000000000bfbf338:   0000000000000000 0000000000000000 

Instructions: (pc=0xffffffffa34f5160)
0xffffffffa34f5140:   
[error occurred during error reporting (printing registers, top of stack, instructions near pc), id 0xc0000005]

Register to memory mapping:

RAX=0x000000009aecdce8 is an oop
{method} 
 - klass: {other class}
RBX=0x000000009aecdce8 is an oop
{method} 
 - klass: {other class}
RCX=0x00000000a0161040 is an oop
java.lang.ref.ReferenceQueue 
 - klass: 'java/lang/ref/ReferenceQueue'
RDX=0x00000000a0161040 is an oop
java.lang.ref.ReferenceQueue 
 - klass: 'java/lang/ref/ReferenceQueue'
RSP=0x000000000bfbf248 is pointing into the stack for thread: 0x000000000c80a800
RBP=0x000000000bfbf2b0 is pointing into the stack for thread: 0x000000000c80a800
RSI=0x000000009ae302b0 is an oop
{instance class} 
 - klass: {other class}
RDI=0x000000009b36ccf0 is an oop
{instance class} 
 - klass: {other class}
R8 =0x0000000000000000 is an unknown value
R9 =0x00000000a0161888 is an oop
java.util.concurrent.locks.ReentrantReadWriteLock$NonfairSync 
 - klass: 'java/util/concurrent/locks/ReentrantReadWriteLock$NonfairSync'
R10=0x000000006b03ea20 is an unknown value
R11=0x000000000260b3d0 is non-entrant nmethod
[CodeBlob (0x000000000260b3d0)]
Framesize: 16
R12=0x0000000000000000 is an unknown value
R13=0x000000000bfbf258 is pointing into the stack for thread: 0x000000000c80a800
R14=0x000000009c3493d0 is an oop
{method data} 
 - klass: {other class}
R15=0x000000000c80a800 is a thread


Stack: [0x000000000bec0000,0x000000000bfc0000],  sp=0x000000000bfbf248,  free space=1020k
Native frames: (J=compiled Java code, j=interpreted, Vv=VM code, C=native code)
C  0xffffffffa34f5160
j  org.eclipse.emf.common.util.CommonUtil$1ReferenceClearingQueuePollingThread.run()V+4
v  ~StubRoutines::call_stub
V  [jvm.dll+0x1a6844]


---------------  P R O C E S S  ---------------

Java Threads: ( => current thread )
  0x000000000cba2800 JavaThread "com.google.inject.internal.util.$Finalizer" daemon [_thread_blocked, id=5844, stack(0x000000000e020000,0x000000000e120000)]
=>0x000000000c80a800 JavaThread "EMF Reference Cleaner" daemon [_thread_in_Java, id=2620, stack(0x000000000bec0000,0x000000000bfc0000)]
  0x0000000009e80800 JavaThread "Service Thread" daemon [_thread_blocked, id=4880, stack(0x000000000c040000,0x000000000c140000)]
  0x0000000009e7f800 JavaThread "C2 CompilerThread1" daemon [_thread_blocked, id=4972, stack(0x000000000bd80000,0x000000000be80000)]
  0x0000000009e6f800 JavaThread "C2 CompilerThread0" daemon [_thread_blocked, id=1732, stack(0x000000000bb30000,0x000000000bc30000)]
  0x0000000009e62800 JavaThread "JDWP Command Reader" daemon [_thread_in_native, id=3244, stack(0x000000000bc60000,0x000000000bd60000)]
  0x0000000009e5f800 JavaThread "JDWP Event Helper Thread" daemon [_thread_blocked, id=5312, stack(0x000000000b760000,0x000000000b860000)]
  0x0000000009e57800 JavaThread "JDWP Transport Listener: dt_socket" daemon [_thread_blocked, id=4516, stack(0x000000000b9b0000,0x000000000bab0000)]
  0x0000000009e4a000 JavaThread "Attach Listener" daemon [_thread_blocked, id=5372, stack(0x000000000aa90000,0x000000000ab90000)]
  0x0000000009e48800 JavaThread "Signal Dispatcher" daemon [_thread_blocked, id=5916, stack(0x000000000ae70000,0x000000000af70000)]
  0x0000000009dc3000 JavaThread "Finalizer" daemon [_thread_in_vm, id=2308, stack(0x000000000ac30000,0x000000000ad30000)]
  0x0000000009dba000 JavaThread "Reference Handler" daemon [_thread_blocked, id=1472, stack(0x000000000a990000,0x000000000aa90000)]
  0x00000000022af800 JavaThread "main" [_thread_in_vm, id=1652, stack(0x0000000002340000,0x0000000002440000)]

Other Threads:
  0x0000000009db1800 VMThread [stack: 0x000000000a800000,0x000000000a900000] [id=2216]
  0x0000000009ecf800 WatcherThread [stack: 0x000000000c240000,0x000000000c340000] [id=1956]

VM state:synchronizing (normal execution)

VM Mutex/Monitor currently owned by a thread:  ([mutex/lock_event])
[0x00000000022adad0] Safepoint_lock - owner thread: 0x0000000009db1800
[0x00000000022adb50] Threads_lock - owner thread: 0x0000000009db1800

Heap
 PSYoungGen      total 102400K, used 2883K [0x00000000e0000000, 0x00000000ef760000, 0x0000000100000000)
  eden space 98304K, 2% used [0x00000000e0000000,0x00000000e02d0f00,0x00000000e6000000)
  from space 4096K, 0% used [0x00000000e6000000,0x00000000e6000000,0x00000000e6400000)
  to   space 28352K, 0% used [0x00000000edbb0000,0x00000000edbb0000,0x00000000ef760000)
 ParOldGen       total 100800K, used 40108K [0x00000000a0000000, 0x00000000a6270000, 0x00000000e0000000)
  object space 100800K, 39% used [0x00000000a0000000,0x00000000a272b358,0x00000000a6270000)
 PSPermGen       total 43904K, used 21800K [0x000000009ae00000, 0x000000009d8e0000, 0x00000000a0000000)
  object space 43904K, 49% used [0x000000009ae00000,0x000000009c34a0f8,0x000000009d8e0000)

Card table byte_map: [0x00000000054f0000,0x0000000005820000] byte_map_base: 0x0000000005019000

Polling page: 0x0000000000220000

Code Cache  [0x00000000024f0000, 0x0000000002760000, 0x00000000054f0000)
 total_blobs=877 nmethods=551 adapters=284 free_code_cache=47263Kb largest_free_block=48190016

Compilation events (10 events):
Event: 13.532 Thread 0x0000000009e6f800 nmethod 565 0x00000000026028d0 code [0x0000000002602a20, 0x0000000002602c78]
Event: 13.533 Thread 0x0000000009e6f800  566             org.eclipse.emf.common.util.WeakInterningHashSet$Entry::doClear (10 bytes)
Event: 13.533 Thread 0x0000000009e6f800 nmethod 566 0x0000000002610d90 code [0x0000000002610ec0, 0x0000000002610f18]
Event: 13.533 Thread 0x0000000009e6f800  567   !         org.eclipse.emf.common.util.CommonUtil$StringPool$SelfCleaningStringPoolEntry::clear (44 bytes)
Event: 13.533 Thread 0x0000000009e7f800 nmethod 558 0x00000000026bf7d0 code [0x00000000026bfb00, 0x00000000026c1140]
Event: 13.537 Thread 0x0000000009e6f800 nmethod 567 0x00000000025ae790 code [0x00000000025ae940, 0x00000000025aef50]
Event: 13.541 Thread 0x0000000009e7f800  568             java.nio.HeapByteBuffer::_get (7 bytes)
Event: 13.541 Thread 0x0000000009e6f800  569             java.lang.reflect.Method::getParameterTypes (14 bytes)
Event: 13.541 Thread 0x0000000009e7f800 nmethod 568 0x000000000260b090 code [0x000000000260b1c0, 0x000000000260b278]
Event: 13.542 Thread 0x0000000009e6f800 nmethod 569 0x0000000002658510 code [0x0000000002658660, 0x00000000026587b8]

GC Heap History (10 events):
Event: 0.934 GC heap before
{Heap before GC invocations=2 (full 0):
 PSYoungGen      total 28672K, used 28651K [0x00000000e0000000, 0x00000000e3800000, 0x0000000100000000)
  eden space 24576K, 100% used [0x00000000e0000000,0x00000000e1800000,0x00000000e1800000)
  from space 4096K, 99% used [0x00000000e1800000,0x00000000e1bfac50,0x00000000e1c00000)
  to   space 4096K, 0% used [0x00000000e3400000,0x00000000e3400000,0x00000000e3800000)
 ParOldGen       total 65536K, used 1475K [0x00000000a0000000, 0x00000000a4000000, 0x00000000e0000000)
  object space 65536K, 2% used [0x00000000a0000000,0x00000000a0170e18,0x00000000a4000000)
 PSPermGen       total 21248K, used 7971K [0x000000009ae00000, 0x000000009c2c0000, 0x00000000a0000000)
  object space 21248K, 37% used [0x000000009ae00000,0x000000009b5c8d00,0x000000009c2c0000)
Event: 0.951 GC heap after
Heap after GC invocations=2 (full 0):
 PSYoungGen      total 53248K, used 4064K [0x00000000e0000000, 0x00000000e3800000, 0x0000000100000000)
  eden space 49152K, 0% used [0x00000000e0000000,0x00000000e0000000,0x00000000e3000000)
  from space 4096K, 99% used [0x00000000e3400000,0x00000000e37f8010,0x00000000e3800000)
  to   space 4096K, 0% used [0x00000000e3000000,0x00000000e3000000,0x00000000e3400000)
 ParOldGen       total 65536K, used 7120K [0x00000000a0000000, 0x00000000a4000000, 0x00000000e0000000)
  object space 65536K, 10% used [0x00000000a0000000,0x00000000a06f43a8,0x00000000a4000000)
 PSPermGen       total 21248K, used 7971K [0x000000009ae00000, 0x000000009c2c0000, 0x00000000a0000000)
  object space 21248K, 37% used [0x000000009ae00000,0x000000009b5c8d00,0x000000009c2c0000)
}
Event: 1.818 GC heap before
{Heap before GC invocations=3 (full 0):
 PSYoungGen      total 53248K, used 53216K [0x00000000e0000000, 0x00000000e3800000, 0x0000000100000000)
  eden space 49152K, 100% used [0x00000000e0000000,0x00000000e3000000,0x00000000e3000000)
  from space 4096K, 99% used [0x00000000e3400000,0x00000000e37f8010,0x00000000e3800000)
  to   space 4096K, 0% used [0x00000000e3000000,0x00000000e3000000,0x00000000e3400000)
 ParOldGen       total 65536K, used 7120K [0x00000000a0000000, 0x00000000a4000000, 0x00000000e0000000)
  object space 65536K, 10% used [0x00000000a0000000,0x00000000a06f43a8,0x00000000a4000000)
 PSPermGen       total 21248K, used 13739K [0x000000009ae00000, 0x000000009c2c0000, 0x00000000a0000000)
  object space 21248K, 64% used [0x000000009ae00000,0x000000009bb6ad78,0x000000009c2c0000)
Event: 1.847 GC heap after
Heap after GC invocations=3 (full 0):
 PSYoungGen      total 53248K, used 4064K [0x00000000e0000000, 0x00000000e6800000, 0x0000000100000000)
  eden space 49152K, 0% used [0x00000000e0000000,0x00000000e0000000,0x00000000e3000000)
  from space 4096K, 99% used [0x00000000e3000000,0x00000000e33f8010,0x00000000e3400000)
  to   space 4096K, 0% used [0x00000000e6400000,0x00000000e6400000,0x00000000e6800000)
 ParOldGen       total 65536K, used 18624K [0x00000000a0000000, 0x00000000a4000000, 0x00000000e0000000)
  object space 65536K, 28% used [0x00000000a0000000,0x00000000a12301f0,0x00000000a4000000)
 PSPermGen       total 21248K, used 13739K [0x000000009ae00000, 0x000000009c2c0000, 0x00000000a0000000)
  object space 21248K, 64% used [0x000000009ae00000,0x000000009bb6ad78,0x000000009c2c0000)
}
Event: 10.839 GC heap before
{Heap before GC invocations=4 (full 0):
 PSYoungGen      total 53248K, used 53216K [0x00000000e0000000, 0x00000000e6800000, 0x0000000100000000)
  eden space 49152K, 100% used [0x00000000e0000000,0x00000000e3000000,0x00000000e3000000)
  from space 4096K, 99% used [0x00000000e3000000,0x00000000e33f8010,0x00000000e3400000)
  to   space 4096K, 0% used [0x00000000e6400000,0x00000000e6400000,0x00000000e6800000)
 ParOldGen       total 65536K, used 18624K [0x00000000a0000000, 0x00000000a4000000, 0x00000000e0000000)
  object space 65536K, 28% used [0x00000000a0000000,0x00000000a12301f0,0x00000000a4000000)
 PSPermGen       total 21248K, used 17017K [0x000000009ae00000, 0x000000009c2c0000, 0x00000000a0000000)
  object space 21248K, 80% used [0x000000009ae00000,0x000000009be9e660,0x000000009c2c0000)
Event: 10.877 GC heap after
Heap after GC invocations=4 (full 0):
 PSYoungGen      total 102400K, used 4064K [0x00000000e0000000, 0x00000000e6800000, 0x0000000100000000)
  eden space 98304K, 0% used [0x00000000e0000000,0x00000000e0000000,0x00000000e6000000)
  from space 4096K, 99% used [0x00000000e6400000,0x00000000e67f8010,0x00000000e6800000)
  to   space 4096K, 0% used [0x00000000e6000000,0x00000000e6000000,0x00000000e6400000)
 ParOldGen       total 65536K, used 33918K [0x00000000a0000000, 0x00000000a4000000, 0x00000000e0000000)
  object space 65536K, 51% used [0x00000000a0000000,0x00000000a211f860,0x00000000a4000000)
 PSPermGen       total 21248K, used 17017K [0x000000009ae00000, 0x000000009c2c0000, 0x00000000a0000000)
  object space 21248K, 80% used [0x000000009ae00000,0x000000009be9e660,0x000000009c2c0000)
}
Event: 13.094 GC heap before
{Heap before GC invocations=5 (full 0):
 PSYoungGen      total 102400K, used 102368K [0x00000000e0000000, 0x00000000e6800000, 0x0000000100000000)
  eden space 98304K, 100% used [0x00000000e0000000,0x00000000e6000000,0x00000000e6000000)
  from space 4096K, 99% used [0x00000000e6400000,0x00000000e67f8010,0x00000000e6800000)
  to   space 4096K, 0% used [0x00000000e6000000,0x00000000e6000000,0x00000000e6400000)
 ParOldGen       total 65536K, used 33918K [0x00000000a0000000, 0x00000000a4000000, 0x00000000e0000000)
  object space 65536K, 51% used [0x00000000a0000000,0x00000000a211f860,0x00000000a4000000)
 PSPermGen       total 21824K, used 21809K [0x000000009ae00000, 0x000000009c350000, 0x00000000a0000000)
  object space 21824K, 99% used [0x000000009ae00000,0x000000009c34c4a0,0x000000009c350000)
Event: 13.140 GC heap after
Heap after GC invocations=5 (full 0):
 PSYoungGen      total 102400K, used 4064K [0x00000000e0000000, 0x00000000ef760000, 0x0000000100000000)
  eden space 98304K, 0% used [0x00000000e0000000,0x00000000e0000000,0x00000000e6000000)
  from space 4096K, 99% used [0x00000000e6000000,0x00000000e63f8010,0x00000000e6400000)
  to   space 28352K, 0% used [0x00000000edbb0000,0x00000000edbb0000,0x00000000ef760000)
 ParOldGen       total 65536K, used 53130K [0x00000000a0000000, 0x00000000a4000000, 0x00000000e0000000)
  object space 65536K, 81% used [0x00000000a0000000,0x00000000a33e2888,0x00000000a4000000)
 PSPermGen       total 21824K, used 21809K [0x000000009ae00000, 0x000000009c350000, 0x00000000a0000000)
  object space 21824K, 99% used [0x000000009ae00000,0x000000009c34c4a0,0x000000009c350000)
}
Event: 13.140 GC heap before
{Heap before GC invocations=6 (full 1):
 PSYoungGen      total 102400K, used 4064K [0x00000000e0000000, 0x00000000ef760000, 0x0000000100000000)
  eden space 98304K, 0% used [0x00000000e0000000,0x00000000e0000000,0x00000000e6000000)
  from space 4096K, 99% used [0x00000000e6000000,0x00000000e63f8010,0x00000000e6400000)
  to   space 28352K, 0% used [0x00000000edbb0000,0x00000000edbb0000,0x00000000ef760000)
 ParOldGen       total 65536K, used 53130K [0x00000000a0000000, 0x00000000a4000000, 0x00000000e0000000)
  object space 65536K, 81% used [0x00000000a0000000,0x00000000a33e2888,0x00000000a4000000)
 PSPermGen       total 21824K, used 21809K [0x000000009ae00000, 0x000000009c350000, 0x00000000a0000000)
  object space 21824K, 99% used [0x000000009ae00000,0x000000009c34c4a0,0x000000009c350000)
Event: 13.473 GC heap after
Heap after GC invocations=6 (full 1):
 PSYoungGen      total 102400K, used 0K [0x00000000e0000000, 0x00000000ef760000, 0x0000000100000000)
  eden space 98304K, 0% used [0x00000000e0000000,0x00000000e0000000,0x00000000e6000000)
  from space 4096K, 0% used [0x00000000e6000000,0x00000000e6000000,0x00000000e6400000)
  to   space 28352K, 0% used [0x00000000edbb0000,0x00000000edbb0000,0x00000000ef760000)
 ParOldGen       total 100800K, used 40108K [0x00000000a0000000, 0x00000000a6270000, 0x00000000e0000000)
  object space 100800K, 39% used [0x00000000a0000000,0x00000000a272b358,0x00000000a6270000)
 PSPermGen       total 43904K, used 21794K [0x000000009ae00000, 0x000000009d8e0000, 0x00000000a0000000)
  object space 43904K, 49% used [0x000000009ae00000,0x000000009c348890,0x000000009d8e0000)
}

Deoptimization events (10 events):
Event: 13.538 Thread 0x000000000c80a800 Uncommon trap -34 fr.pc 0x00000000026031f8
Event: 13.538 Thread 0x000000000c80a800 Uncommon trap -34 fr.pc 0x00000000026031f8
Event: 13.538 Thread 0x000000000c80a800 Uncommon trap -34 fr.pc 0x00000000026031f8
Event: 13.538 Thread 0x000000000c80a800 Uncommon trap -83 fr.pc 0x0000000002602bc0
Event: 13.538 Thread 0x000000000c80a800 Uncommon trap -83 fr.pc 0x0000000002610a80
Event: 13.539 Thread 0x000000000c80a800 Uncommon trap -83 fr.pc 0x00000000025aeddc
Event: 13.539 Thread 0x0000000009dba000 Uncommon trap -83 fr.pc 0x000000000261a9f8
Event: 13.539 Thread 0x0000000009dc3000 Uncommon trap -83 fr.pc 0x00000000025afbcc
Event: 13.539 Thread 0x0000000009dc3000 Uncommon trap -83 fr.pc 0x000000000260b898
Event: 13.539 Thread 0x0000000009dc3000 Uncommon trap -83 fr.pc 0x00000000025bd2ac

Internal exceptions (10 events):
Event: 13.484 Thread 0x00000000022af800 Threw 0x00000000e0052348 at C:\jdk7u2_64p\jdk7u25\hotspot\src\share\vm\interpreter\interpreterRuntime.cpp:347
Event: 13.484 Thread 0x00000000022af800 Threw 0x00000000e0053a48 at C:\jdk7u2_64p\jdk7u25\hotspot\src\share\vm\interpreter\interpreterRuntime.cpp:347
Event: 13.485 Thread 0x00000000022af800 Threw 0x00000000e00597d8 at C:\jdk7u2_64p\jdk7u25\hotspot\src\share\vm\interpreter\interpreterRuntime.cpp:347
Event: 13.485 Thread 0x00000000022af800 Threw 0x00000000e005af98 at C:\jdk7u2_64p\jdk7u25\hotspot\src\share\vm\interpreter\interpreterRuntime.cpp:347
Event: 13.485 Thread 0x00000000022af800 Threw 0x00000000e005c818 at C:\jdk7u2_64p\jdk7u25\hotspot\src\share\vm\interpreter\interpreterRuntime.cpp:347
Event: 13.485 Thread 0x00000000022af800 Threw 0x00000000e005dfa0 at C:\jdk7u2_64p\jdk7u25\hotspot\src\share\vm\interpreter\interpreterRuntime.cpp:347
Event: 13.485 Thread 0x00000000022af800 Threw 0x00000000e005f778 at C:\jdk7u2_64p\jdk7u25\hotspot\src\share\vm\interpreter\interpreterRuntime.cpp:347
Event: 13.485 Thread 0x00000000022af800 Threw 0x00000000e0061378 at C:\jdk7u2_64p\jdk7u25\hotspot\src\share\vm\interpreter\interpreterRuntime.cpp:347
Event: 13.486 Thread 0x00000000022af800 Threw 0x00000000e0067ac8 at C:\jdk7u2_64p\jdk7u25\hotspot\src\share\vm\interpreter\interpreterRuntime.cpp:347
Event: 13.503 Thread 0x00000000022af800 Threw 0x00000000e01315e0 at C:\jdk7u2_64p\jdk7u25\hotspot\src\share\vm\interpreter\interpreterRuntime.cpp:347

Events (10 events):
Event: 13.539 Thread 0x000000000c80a800 DEOPT UNPACKING pc=0x0000000002529164 sp=0x000000000bfbf0d8 mode 2
Event: 13.539 Thread 0x0000000009dba000 DEOPT PACKING pc=0x000000000261a9f8 sp=0x000000000aa8f380
Event: 13.539 Thread 0x0000000009dba000 DEOPT UNPACKING pc=0x0000000002529164 sp=0x000000000aa8f350 mode 2
Event: 13.539 Thread 0x0000000009dc3000 DEOPT PACKING pc=0x00000000025afbcc sp=0x000000000ad2f670
Event: 13.539 Thread 0x0000000009dc3000 DEOPT UNPACKING pc=0x0000000002529164 sp=0x000000000ad2f568 mode 2
Event: 13.539 Thread 0x0000000009dc3000 DEOPT PACKING pc=0x000000000260b898 sp=0x000000000ad2f600
Event: 13.539 Thread 0x0000000009dc3000 DEOPT UNPACKING pc=0x0000000002529164 sp=0x000000000ad2f570 mode 2
Event: 13.539 Thread 0x0000000009dc3000 DEOPT PACKING pc=0x00000000025bd2ac sp=0x000000000ad2f5c0
Event: 13.539 Thread 0x0000000009dc3000 DEOPT UNPACKING pc=0x0000000002529164 sp=0x000000000ad2f570 mode 2
Event: 13.545 Executing VM operation: RevokeBias


Dynamic libraries:
0x000000013ff30000 - 0x000000013ff63000 	C:\Program Files\Java\jre7\bin\javaw.exe
0x0000000077ba0000 - 0x0000000077d49000 	C:\Windows\SYSTEM32\ntdll.dll
0x0000000077980000 - 0x0000000077a9f000 	C:\Windows\system32\kernel32.dll
0x000007fefd020000 - 0x000007fefd08b000 	C:\Windows\system32\KERNELBASE.dll
0x000007fefd6c0000 - 0x000007fefd79b000 	C:\Windows\system32\ADVAPI32.dll
0x000007fefddd0000 - 0x000007fefde6f000 	C:\Windows\system32\msvcrt.dll
0x000007fefef80000 - 0x000007fefef9f000 	C:\Windows\SYSTEM32\sechost.dll
0x000007fefdec0000 - 0x000007fefdfed000 	C:\Windows\system32\RPCRT4.dll
0x0000000077aa0000 - 0x0000000077b9a000 	C:\Windows\system32\USER32.dll
0x000007feff030000 - 0x000007feff097000 	C:\Windows\system32\GDI32.dll
0x000007feff020000 - 0x000007feff02e000 	C:\Windows\system32\LPK.dll
0x000007fefd7a0000 - 0x000007fefd869000 	C:\Windows\system32\USP10.dll
0x000007fefb850000 - 0x000007fefba44000 	C:\Windows\WinSxS\amd64_microsoft.windows.common-controls_6595b64144ccf1df_6.0.7601.17514_none_fa396087175ac9ac\COMCTL32.dll
0x000007fefefa0000 - 0x000007feff011000 	C:\Windows\system32\SHLWAPI.dll
0x000007feff0a0000 - 0x000007feff0ce000 	C:\Windows\system32\IMM32.DLL
0x000007fefe0e0000 - 0x000007fefe1e9000 	C:\Windows\system32\MSCTF.dll
0x000000006cd70000 - 0x000000006ce41000 	C:\Program Files\Java\jre7\bin\msvcr100.dll
0x000000006a9b0000 - 0x000000006b0bf000 	C:\Program Files\Java\jre7\bin\server\jvm.dll
0x000007fef2db0000 - 0x000007fef2db9000 	C:\Windows\system32\WSOCK32.dll
0x000007fefde70000 - 0x000007fefdebd000 	C:\Windows\system32\WS2_32.dll
0x000007fefdff0000 - 0x000007fefdff8000 	C:\Windows\system32\NSI.dll
0x000007fefa850000 - 0x000007fefa88b000 	C:\Windows\system32\WINMM.dll
0x0000000077d70000 - 0x0000000077d77000 	C:\Windows\system32\PSAPI.DLL
0x0000000070480000 - 0x000000007048f000 	C:\Program Files\Java\jre7\bin\verify.dll
0x0000000070400000 - 0x0000000070428000 	C:\Program Files\Java\jre7\bin\java.dll
0x0000000070d30000 - 0x0000000070d65000 	C:\Program Files\Java\jre7\bin\jdwp.dll
0x0000000070da0000 - 0x0000000070da8000 	C:\Program Files\Java\jre7\bin\npt.dll
0x0000000070460000 - 0x0000000070475000 	C:\Program Files\Java\jre7\bin\zip.dll
0x0000000070d90000 - 0x0000000070d99000 	C:\Program Files\Java\jre7\bin\dt_socket.dll
0x000007fefa930000 - 0x000007fefa945000 	C:\Windows\system32\NLAapi.dll
0x000007fef42a0000 - 0x000007fef42b5000 	C:\Windows\system32\napinsp.dll
0x000007fef4280000 - 0x000007fef4299000 	C:\Windows\system32\pnrpnsp.dll
0x000007fefc5b0000 - 0x000007fefc605000 	C:\Windows\System32\mswsock.dll
0x000007fefc430000 - 0x000007fefc48b000 	C:\Windows\system32\DNSAPI.dll
0x000007fef4270000 - 0x000007fef427b000 	C:\Windows\System32\winrnr.dll
0x000007fefa2d0000 - 0x000007fefa2f7000 	C:\Windows\system32\IPHLPAPI.DLL
0x000007fefa2c0000 - 0x000007fefa2cb000 	C:\Windows\system32\WINNSI.DLL
0x000007fef94f0000 - 0x000007fef9543000 	C:\Windows\System32\fwpuclnt.dll
0x000007fef42e0000 - 0x000007fef42e8000 	C:\Windows\system32\rasadhlp.dll
0x0000000180000000 - 0x000000018004f000 	C:\Program Files\NVIDIA Corporation\NetworkAccessManager\bin32\nvLsp64.dll
0x000007fefdb40000 - 0x000007fefdd43000 	C:\Windows\system32\ole32.dll
0x000007fefe000000 - 0x000007fefe0d7000 	C:\Windows\system32\OLEAUT32.dll
0x000007fefbf60000 - 0x000007fefbf67000 	C:\Windows\System32\wshtcpip.dll
0x00000000703e0000 - 0x00000000703f9000 	C:\Program Files\Java\jre7\bin\net.dll
0x000007fefc5a0000 - 0x000007fefc5a7000 	C:\Windows\System32\wship6.dll
0x000000006d870000 - 0x000000006d881000 	C:\Program Files\Java\jre7\bin\nio.dll
0x000007fefbd40000 - 0x000007fefbe65000 	C:\Windows\system32\dbghelp.dll

VM Arguments:
jvm_args: -agentlib:jdwp=transport=dt_socket,suspend=y,address=localhost:52245 -Dfile.encoding=Cp1252 
java_command: org.eclipse.emf.mwe2.launch.runtime.Mwe2Launcher src/org/eclipse/ease/ui/expression/xtext/GenerateCoreExpression.mwe2
Launcher Type: SUN_STANDARD

Environment Variables:
PATH=C:\Program Files (x86)\NVIDIA Corporation\PhysX\Common;C:\Windows\system32;C:\Windows;C:\Windows\System32\Wbem;C:\Windows\System32\WindowsPowerShell\v1.0\;C:\Program Files (x86)\MiKTeX 2.9\miktex\bin\;C:\Program Files (x86)\Calibre2\;C:\jython2.5.4rc1\bin;C:\Program Files\TortoiseGit\bin
USERNAME=arthur
OS=Windows_NT
PROCESSOR_IDENTIFIER=Intel64 Family 6 Model 23 Stepping 10, GenuineIntel



---------------  S Y S T E M  ---------------

OS: Windows 7 , 64 bit Build 7601 Service Pack 1

CPU:total 2 (2 cores per cpu, 1 threads per core) family 6 model 23 stepping 10, cmov, cx8, fxsr, mmx, sse, sse2, sse3, ssse3, sse4.1, tsc

Memory: 4k page, physical 6289976k(2569256k free), swap 12578088k(7776012k free)

vm_info: Java HotSpot(TM) 64-Bit Server VM (23.25-b01) for windows-amd64 JRE (1.7.0_25-b17), built on Jun 21 2013 12:58:32 by "java_re" with unknown MS VC++:1600

time: Fri Oct 25 11:19:11 2013
elapsed time: 13 seconds

